<?xml version="1.0" encoding="UTF-8"?>
<testng-results ignored="0" total="1" passed="1" failed="0" skipped="0">
  <reporter-output>
  </reporter-output>
  <suite started-at="2023-10-23T18:26:41 IST" name="Default suite" finished-at="2023-10-23T18:26:57 IST" duration-ms="15518">
    <groups>
    </groups>
    <test started-at="2023-10-23T18:26:41 IST" name="Default test" finished-at="2023-10-23T18:26:57 IST" duration-ms="15518">
      <class name="SeleniumProject.SeleniumProject.PolicyTest">
        <test-method is-config="true" signature="beforeTest()[pri:0, instance:null(SeleniumProject.SeleniumProject.PolicyTest)]" started-at="2023-10-23T18:26:41 IST" name="beforeTest" finished-at="2023-10-23T18:26:41 IST" duration-ms="18" status="PASS">
          <reporter-output>
          </reporter-output>
        </test-method> <!-- beforeTest -->
        <test-method signature="testGoogle()[pri:0, instance:null(SeleniumProject.SeleniumProject.PolicyTest)]" started-at="2023-10-23T18:26:41 IST" name="testGoogle" finished-at="2023-10-23T18:26:57 IST" duration-ms="15419" status="PASS">
          <reporter-output>
          </reporter-output>
        </test-method> <!-- testGoogle -->
        <test-method is-config="true" signature="afterTest()[pri:0, instance:null(SeleniumProject.SeleniumProject.PolicyTest)]" started-at="2023-10-23T18:26:57 IST" name="afterTest" finished-at="2023-10-23T18:26:57 IST" duration-ms="1" status="PASS">
          <reporter-output>
          </reporter-output>
        </test-method> <!-- afterTest -->
      </class> <!-- SeleniumProject.SeleniumProject.PolicyTest -->
    </test> <!-- Default test -->
  </suite> <!-- Default suite -->
</testng-results>
